GROUP,PACKAGE,CLASS,INSTRUCTION_MISSED,INSTRUCTION_COVERED,BRANCH_MISSED,BRANCH_COVERED,LINE_MISSED,LINE_COVERED,COMPLEXITY_MISSED,COMPLEXITY_COVERED,METHOD_MISSED,METHOD_COVERED
Expense Tracker,com.expensetracker.user,UserService,30,216,2,4,8,52,4,10,2,9
Expense Tracker,com.expensetracker.user,UserController,6,194,2,14,2,39,2,14,0,8
Expense Tracker,com.expensetracker,Application,5,3,0,0,2,1,1,1,1,1
Expense Tracker,com.expensetracker.dto,MonthlySummaryResponse,0,42,0,4,0,10,0,5,0,3
Expense Tracker,com.expensetracker.dto,ExpenditureDTO,0,3,0,0,0,1,0,1,0,1
Expense Tracker,com.expensetracker.limits,MonthlyLimitController,1,119,3,7,0,28,3,6,0,4
Expense Tracker,com.expensetracker.config,SecurityConfig,207,0,0,0,38,0,15,0,15,0
Expense Tracker,com.expensetracker.expenditure,ExpenditureController,5,144,3,15,1,32,3,12,0,6
Expense Tracker,com.expensetracker.expenditure,Expenditure,31,0,2,0,10,0,2,0,1,0
