<?xml version="1.0" encoding="UTF-8"?>
<testsuite xmlns:xsi="http://www.w3.org/2001/XMLSchema-instance" xsi:noNamespaceSchemaLocation="https://maven.apache.org/surefire/maven-surefire-plugin/xsd/surefire-test-report.xsd" version="3.0.2" name="com.expensetracker.config.SecurityConfigTest" time="13.179" tests="4" errors="0" skipped="0" failures="0">
  <properties>
[...]
</properties>
  <testcase name="testAuthenticationManagerBean" classname="com.expensetracker.config.SecurityConfigTest" time="1.603">
    <system-out><![CDATA[16:39:51.875 [main] INFO org.springframework.test.context.support.AnnotationConfigContextLoaderUtils -- Could not detect default configuration classes for test class [com.expensetracker.config.SecurityConfigTest]: SecurityConfigTest does not declare any static, non-private, non-final, nested classes annotated with @Configuration.
16:39:52.806 [main] INFO org.springframework.boot.test.context.SpringBootTestContextBootstrapper -- Found @SpringBootConfiguration com.expensetracker.Application for test class com.expensetracker.config.SecurityConfigTest
16:39:53.397 [main] INFO org.springframework.boot.devtools.restart.RestartApplicationListener -- Restart disabled due to context in which it is running

  .   ____          _            __ _ _
 /\\ / ___'_ __ _ _(_)_ __  __ _ \ \ \ \
( ( )\___ | '_ | '_| | '_ \/ _` | \ \ \ \
 \\/  ___)| |_)| | | | | || (_| |  ) ) ) )
  '  |____| .__|_| |_|_| |_\__, | / / / /
 =========|_|==============|___/=/_/_/_/

 :: Spring Boot ::                (v3.5.4)

2025-08-15T16:39:54.706+05:00  INFO 8968 --- [           main] [                                                 ] c.e.config.SecurityConfigTest            : Starting SecurityConfigTest using Java 21.0.7 with PID 8968 (started by sayyeda.fatima.masoo in C:\Users\sayyeda.fatima.masoo\Documents\Expense-Tracker\Expense-Tracker-Backend)
2025-08-15T16:39:54.729+05:00  INFO 8968 --- [           main] [                                                 ] c.e.config.SecurityConfigTest            : No active profile set, falling back to 1 default profile: "default"
2025-08-15T16:39:57.293+05:00  INFO 8968 --- [           main] [                                                 ] .s.d.r.c.RepositoryConfigurationDelegate : Bootstrapping Spring Data MongoDB repositories in DEFAULT mode.
2025-08-15T16:39:57.426+05:00  INFO 8968 --- [           main] [                                                 ] .s.d.r.c.RepositoryConfigurationDelegate : Finished Spring Data repository scanning in 99 ms. Found 3 MongoDB repository interfaces.
2025-08-15T16:39:58.681+05:00  INFO 8968 --- [           main] [                                                 ] org.mongodb.driver.client                : MongoClient with metadata {"application": {"name": "Cluster0"}, "driver": {"name": "mongo-java-driver|sync|spring-boot", "version": "5.5.1"}, "os": {"type": "Windows", "name": "Windows 10", "architecture": "amd64", "version": "10.0"}, "platform": "Java/Microsoft/21.0.7+6-LTS"} created with settings MongoClientSettings{readPreference=primary, writeConcern=WriteConcern{w=majority, wTimeout=null ms, journal=null}, retryWrites=true, retryReads=true, readConcern=ReadConcern{level=null}, credential=MongoCredential{mechanism=null, userName='sfmasood13', source='admin', password=<hidden>, mechanismProperties=<hidden>}, transportSettings=null, commandListeners=[io.micrometer.core.instrument.binder.mongodb.MongoMetricsCommandListener@7d60a62f], codecRegistry=ProvidersCodecRegistry{codecProviders=[ValueCodecProvider{}, BsonValueCodecProvider{}, DBRefCodecProvider{}, DBObjectCodecProvider{}, DocumentCodecProvider{}, CollectionCodecProvider{}, IterableCodecProvider{}, MapCodecProvider{}, GeoJsonCodecProvider{}, GridFSFileCodecProvider{}, Jsr310CodecProvider{}, JsonObjectCodecProvider{}, BsonCodecProvider{}, EnumCodecProvider{}, com.mongodb.client.model.mql.ExpressionCodecProvider@5a7e2f07, com.mongodb.Jep395RecordCodecProvider@1bab3926, com.mongodb.KotlinCodecProvider@39a6c7a6]}, loggerSettings=LoggerSettings{maxDocumentLength=1000}, clusterSettings={hosts=[127.0.0.1:27017], srvHost=cluster0.6anla7s.mongodb.net, srvServiceName=mongodb, mode=MULTIPLE, requiredClusterType=REPLICA_SET, requiredReplicaSetName='atlas-tum0s1-shard-0', serverSelector='null', clusterListeners='[]', serverSelectionTimeout='30000 ms', localThreshold='15 ms'}, socketSettings=SocketSettings{connectTimeoutMS=10000, readTimeoutMS=0, receiveBufferSize=0, proxySettings=ProxySettings{host=null, port=null, username=null, password=null}}, heartbeatSocketSettings=SocketSettings{connectTimeoutMS=10000, readTimeoutMS=10000, receiveBufferSize=0, proxySettings=ProxySettings{host=null, port=null, username=null, password=null}}, connectionPoolSettings=ConnectionPoolSettings{maxSize=100, minSize=0, maxWaitTimeMS=120000, maxConnectionLifeTimeMS=0, maxConnectionIdleTimeMS=0, maintenanceInitialDelayMS=0, maintenanceFrequencyMS=60000, connectionPoolListeners=[io.micrometer.core.instrument.binder.mongodb.MongoMetricsConnectionPoolListener@418f5f63], maxConnecting=2}, serverSettings=ServerSettings{heartbeatFrequencyMS=10000, minHeartbeatFrequencyMS=500, serverMonitoringMode=AUTO, serverListeners='[]', serverMonitorListeners='[]'}, sslSettings=SslSettings{enabled=true, invalidHostNameAllowed=false, context=null}, applicationName='Cluster0', compressorList=[], uuidRepresentation=JAVA_LEGACY, serverApi=null, autoEncryptionSettings=null, dnsClient=null, inetAddressResolver=null, contextProvider=null, timeoutMS=null}
2025-08-15T16:39:58.773+05:00  INFO 8968 --- [a7s.mongodb.net] [                                                 ] org.mongodb.driver.cluster               : Adding discovered server ac-hijxmdy-shard-00-02.6anla7s.mongodb.net:27017 to client view of cluster
2025-08-15T16:39:58.827+05:00  INFO 8968 --- [a7s.mongodb.net] [                                                 ] org.mongodb.driver.cluster               : Adding discovered server ac-hijxmdy-shard-00-00.6anla7s.mongodb.net:27017 to client view of cluster
2025-08-15T16:39:58.837+05:00  INFO 8968 --- [a7s.mongodb.net] [                                                 ] org.mongodb.driver.cluster               : Adding discovered server ac-hijxmdy-shard-00-01.6anla7s.mongodb.net:27017 to client view of cluster
2025-08-15T16:39:59.524+05:00  INFO 8968 --- [           main] [                                                 ] r$InitializeUserDetailsManagerConfigurer : Global AuthenticationManager configured with UserDetailsService bean with name userService
2025-08-15T16:40:00.679+05:00  INFO 8968 --- [ngodb.net:27017] [                                                 ] org.mongodb.driver.cluster               : Monitor thread successfully connected to server with description ServerDescription{address=ac-hijxmdy-shard-00-02.6anla7s.mongodb.net:27017, type=REPLICA_SET_SECONDARY, cryptd=false, state=CONNECTED, ok=true, minWireVersion=0, maxWireVersion=25, maxDocumentSize=16777216, logicalSessionTimeoutMinutes=30, roundTripTimeNanos=661703400, minRoundTripTimeNanos=0, setName='atlas-tum0s1-shard-0', canonicalAddress=ac-hijxmdy-shard-00-02.6anla7s.mongodb.net:27017, hosts=[ac-hijxmdy-shard-00-00.6anla7s.mongodb.net:27017, ac-hijxmdy-shard-00-02.6anla7s.mongodb.net:27017, ac-hijxmdy-shard-00-01.6anla7s.mongodb.net:27017], passives=[], arbiters=[], primary='ac-hijxmdy-shard-00-01.6anla7s.mongodb.net:27017', tagSet=TagSet{[Tag{name='availabilityZone', value='aps1-az2'}, Tag{name='diskState', value='READY'}, Tag{name='nodeType', value='ELECTABLE'}, Tag{name='provider', value='AWS'}, Tag{name='region', value='AP_SOUTH_1'}, Tag{name='workloadType', value='OPERATIONAL'}]}, electionId=null, setVersion=1, topologyVersion=TopologyVersion{processId=689c93467eb97c69207d954a, counter=3}, lastWriteDate=Fri Aug 15 16:40:01 PKT 2025, lastUpdateTimeNanos=29385470719300}
2025-08-15T16:40:00.679+05:00  INFO 8968 --- [ngodb.net:27017] [                                                 ] org.mongodb.driver.cluster               : Monitor thread successfully connected to server with description ServerDescription{address=ac-hijxmdy-shard-00-00.6anla7s.mongodb.net:27017, type=REPLICA_SET_SECONDARY, cryptd=false, state=CONNECTED, ok=true, minWireVersion=0, maxWireVersion=25, maxDocumentSize=16777216, logicalSessionTimeoutMinutes=30, roundTripTimeNanos=666634700, minRoundTripTimeNanos=0, setName='atlas-tum0s1-shard-0', canonicalAddress=ac-hijxmdy-shard-00-00.6anla7s.mongodb.net:27017, hosts=[ac-hijxmdy-shard-00-00.6anla7s.mongodb.net:27017, ac-hijxmdy-shard-00-02.6anla7s.mongodb.net:27017, ac-hijxmdy-shard-00-01.6anla7s.mongodb.net:27017], passives=[], arbiters=[], primary='ac-hijxmdy-shard-00-01.6anla7s.mongodb.net:27017', tagSet=TagSet{[Tag{name='availabilityZone', value='aps1-az1'}, Tag{name='diskState', value='READY'}, Tag{name='nodeType', value='ELECTABLE'}, Tag{name='provider', value='AWS'}, Tag{name='region', value='AP_SOUTH_1'}, Tag{name='workloadType', value='OPERATIONAL'}]}, electionId=null, setVersion=1, topologyVersion=TopologyVersion{processId=689c8f4eec78b114ca7a7316, counter=4}, lastWriteDate=Fri Aug 15 16:40:01 PKT 2025, lastUpdateTimeNanos=29385470059700}
2025-08-15T16:40:00.679+05:00  INFO 8968 --- [ngodb.net:27017] [                                                 ] org.mongodb.driver.cluster               : Monitor thread successfully connected to server with description ServerDescription{address=ac-hijxmdy-shard-00-01.6anla7s.mongodb.net:27017, type=REPLICA_SET_PRIMARY, cryptd=false, state=CONNECTED, ok=true, minWireVersion=0, maxWireVersion=25, maxDocumentSize=16777216, logicalSessionTimeoutMinutes=30, roundTripTimeNanos=672889600, minRoundTripTimeNanos=0, setName='atlas-tum0s1-shard-0', canonicalAddress=ac-hijxmdy-shard-00-01.6anla7s.mongodb.net:27017, hosts=[ac-hijxmdy-shard-00-00.6anla7s.mongodb.net:27017, ac-hijxmdy-shard-00-02.6anla7s.mongodb.net:27017, ac-hijxmdy-shard-00-01.6anla7s.mongodb.net:27017], passives=[], arbiters=[], primary='ac-hijxmdy-shard-00-01.6anla7s.mongodb.net:27017', tagSet=TagSet{[Tag{name='availabilityZone', value='aps1-az3'}, Tag{name='diskState', value='READY'}, Tag{name='nodeType', value='ELECTABLE'}, Tag{name='provider', value='AWS'}, Tag{name='region', value='AP_SOUTH_1'}, Tag{name='workloadType', value='OPERATIONAL'}]}, electionId=7fffffff0000000000000026, setVersion=1, topologyVersion=TopologyVersion{processId=689c90f9ad393b8d9963255a, counter=6}, lastWriteDate=Fri Aug 15 16:40:01 PKT 2025, lastUpdateTimeNanos=29385469018200}
2025-08-15T16:40:00.683+05:00  INFO 8968 --- [ngodb.net:27017] [                                                 ] org.mongodb.driver.cluster               : Discovered replica set primary ac-hijxmdy-shard-00-01.6anla7s.mongodb.net:27017 with max election id 7fffffff0000000000000026 and max set version 1
2025-08-15T16:40:00.916+05:00  INFO 8968 --- [           main] [                                                 ] o.s.b.a.e.web.EndpointLinksResolver      : Exposing 1 endpoint beneath base path '/actuator'
2025-08-15T16:40:01.161+05:00 DEBUG 8968 --- [           main] [                                                 ] o.s.s.web.DefaultSecurityFilterChain     : Will secure any request with filters: DisableEncodeUrlFilter, WebAsyncManagerIntegrationFilter, SecurityContextHolderFilter, HeaderWriterFilter, CorsFilter, CsrfFilter, LogoutFilter, OAuth2AuthorizationRequestRedirectFilter, OAuth2LoginAuthenticationFilter, BearerTokenAuthenticationFilter, AuthenticationFilter, RequestCacheAwareFilter, SecurityContextHolderAwareRequestFilter, AnonymousAuthenticationFilter, SessionManagementFilter, ExceptionTranslationFilter, AuthorizationFilter
2025-08-15T16:40:02.167+05:00  INFO 8968 --- [           main] [                                                 ] c.e.config.SecurityConfigTest            : Started SecurityConfigTest in 8.792 seconds (process running for 14.97)
]]></system-out>
    <system-err><![CDATA[Mockito is currently self-attaching to enable the inline-mock-maker. This will no longer work in future releases of the JDK. Please add Mockito as an agent to your build as described in Mockito's documentation: https://javadoc.io/doc/org.mockito/mockito-core/latest/org.mockito/org/mockito/Mockito.html#0.3
WARNING: A Java agent has been loaded dynamically (C:\Users\sayyeda.fatima.masoo\.m2\repository\net\bytebuddy\byte-buddy-agent\1.17.6\byte-buddy-agent-1.17.6.jar)
WARNING: If a serviceability tool is in use, please run with -XX:+EnableDynamicAgentLoading to hide this warning
WARNING: If a serviceability tool is not in use, please run with -Djdk.instrument.traceUsage for more information
WARNING: Dynamic loading of agents will be disallowed by default in a future release
]]></system-err>
  </testcase>
  <testcase name="testSecurityFilterChainBuilds" classname="com.expensetracker.config.SecurityConfigTest" time="0.027"/>
  <testcase name="testPasswordEncoderBean" classname="com.expensetracker.config.SecurityConfigTest" time="0.243"/>
  <testcase name="testJwtEncoderAndDecoderWork" classname="com.expensetracker.config.SecurityConfigTest" time="0.014"/>
</testsuite>